<?xml version="1.0" encoding="UTF-8"?>
<!-- Generated by org.testng.reporters.JUnitReportReporter -->
<testsuite hostname="Arbaazs-Air.fritz.box" failures="0" tests="1" name="pageclass.AccountTest" time="1.463" errors="0" timestamp="2023-03-18T16:20:43 CET" skipped="0">
  <testcase classname="pageclass.AccountTest" name="success" time="1.463"/>
  <system-out/>
</testsuite> <!-- pageclass.AccountTest -->
