<?xml version="1.0" encoding="UTF-8"?>
<!-- Generated by org.testng.reporters.JUnitReportReporter -->
<testsuite hostname="Arbaazs-Air.fritz.box" failures="0" tests="2" name="pageclass.LoginTest" time="2.391" errors="0" timestamp="2023-03-18T16:20:43 CET" skipped="0">
  <testcase classname="pageclass.LoginTest" name="faillogintest" time="1.183"/>
  <system-out/>
  <testcase classname="pageclass.LoginTest" name="logintest" time="1.208"/>
  <system-out/>
</testsuite> <!-- pageclass.LoginTest -->
