<?xml version="1.0" encoding="UTF-8"?>
<!-- Generated by org.testng.reporters.JUnitReportReporter -->
<testsuite hostname="Arbaazs-Air.fritz.box" failures="0" tests="1" name="pageclass.HomeTest" time="13.493" errors="0" timestamp="2023-03-20T16:56:14 CET" skipped="0">
  <testcase classname="pageclass.HomeTest" name="selectPlans" time="13.493"/>
  <system-out/>
</testsuite> <!-- pageclass.HomeTest -->
